<?xml version="1.0" encoding="UTF-8"?>
<testsuite name="hashTable.AppTest" tests="2" skipped="0" failures="0" errors="0" timestamp="2021-09-06T11:54:45" hostname="ali-HP-Notebook" time="0.058">
  <properties/>
  <testcase name="treeInsertionTest()" classname="hashTable.AppTest" time="0.05"/>
  <testcase name="appHasAGreeting()" classname="hashTable.AppTest" time="0.006"/>
  <system-out><![CDATA[]]></system-out>
  <system-err><![CDATA[]]></system-err>
</testsuite>
