<?xml version="1.0" encoding="UTF-8"?>
<testsuite name="hashTable.AppTest" tests="1" skipped="0" failures="0" errors="0" timestamp="2021-09-13T16:35:56" hostname="ali-HP-Notebook" time="0.066">
  <properties/>
  <testcase name="treeInsertionTest()" classname="hashTable.AppTest" time="0.066"/>
  <system-out><![CDATA[]]></system-out>
  <system-err><![CDATA[]]></system-err>
</testsuite>
